<?xml version="1.0" encoding="UTF-8"?>
<!-- Generated by org.testng.reporters.JUnitReportReporter -->
<testsuite hostname="Nishchal" name="com.inetbanking.testCases.TC_LoginTest_001" tests="1" failures="0" timestamp="12 Nov 2019 18:41:34 GMT" time="2.326" errors="0">
  <testcase name="loginTest" time="2.326" classname="com.inetbanking.testCases.TC_LoginTest_001"/>
</testsuite> <!-- com.inetbanking.testCases.TC_LoginTest_001 -->
