<?xml version="1.0" encoding="UTF-8"?>
<!-- Generated by org.testng.reporters.JUnitReportReporter -->
<testsuite hostname="Nishchal" name="com.inetbanking.testCases.TC_AddCustomerTest_003" tests="1" failures="0" timestamp="12 Nov 2019 19:06:04 GMT" time="17.664" errors="0">
  <testcase name="addNewCustomer" time="17.664" classname="com.inetbanking.testCases.TC_AddCustomerTest_003"/>
</testsuite> <!-- com.inetbanking.testCases.TC_AddCustomerTest_003 -->
