<?xml version="1.0" encoding="UTF-8"?>
<!-- Generated by org.testng.reporters.JUnitReportReporter -->
<testsuite skipped="0" hostname="Nishchal" name="com.inetbanking.testCases.TC_LoginTest_001" tests="1" failures="0" timestamp="14 Nov 2019 14:07:43 GMT" time="5.399" errors="0">
  <testcase name="loginTest" time="5.399" classname="com.inetbanking.testCases.TC_LoginTest_001"/>
</testsuite> <!-- com.inetbanking.testCases.TC_LoginTest_001 -->
