<?xml version="1.0" encoding="UTF-8"?>
<!-- Generated by org.testng.reporters.JUnitReportReporter -->
<testsuite skipped="0" hostname="Nishchal" name="com.inetbanking.testCases.TC_AddCustomerTest_003" tests="1" failures="0" timestamp="14 Nov 2019 14:07:43 GMT" time="50.525" errors="0">
  <testcase name="addNewCustomer" time="50.525" classname="com.inetbanking.testCases.TC_AddCustomerTest_003"/>
</testsuite> <!-- com.inetbanking.testCases.TC_AddCustomerTest_003 -->
